2025-03-25 08:40:27,468 INFO: MISOUL API starting up [in O:\MISOUL\misoul-api\misoul-api\app\api.py:34]
2025-03-25 08:40:32,718 INFO: MISOUL API starting up [in O:\MISOUL\misoul-api\misoul-api\app\api.py:34]
2025-03-25 08:41:44,276 INFO: MISOUL API starting up [in O:\MISOUL\misoul-api\misoul-api\app\api.py:34]
2025-03-25 08:41:49,069 INFO: MISOUL API starting up [in O:\MISOUL\misoul-api\misoul-api\app\api.py:34]
2025-03-25 08:41:57,980 INFO: Chat request - User: web_test_user | Emotion: 1 | Time: 2.75s [in O:\MISOUL\misoul-api\misoul-api\app\api.py:200]
2025-03-25 09:02:40,067 INFO: Chat request - User: web_test_user | Emotion: 1 | Time: 0.00s [in O:\MISOUL\misoul-api\misoul-api\app\api.py:200]
2025-03-25 09:02:49,828 INFO: Chat request - User: web_test_user | Emotion: 1 | Time: 2.75s [in O:\MISOUL\misoul-api\misoul-api\app\api.py:200]
2025-03-25 09:03:38,535 INFO: Chat request - User: web_test_user | Emotion: 1 | Time: 2.82s [in O:\MISOUL\misoul-api\misoul-api\app\api.py:200]
2025-03-25 09:03:44,479 INFO: Chat request - User: web_test_user | Emotion: 1 | Time: 0.00s [in O:\MISOUL\misoul-api\misoul-api\app\api.py:200]
2025-03-25 09:03:55,868 INFO: Chat request - User: web_test_user | Emotion: 1 | Time: 1.90s [in O:\MISOUL\misoul-api\misoul-api\app\api.py:200]
2025-03-25 09:13:05,296 INFO: Chat request - User: web_test_user | Emotion: 1 | Time: 2.96s [in O:\MISOUL\misoul-api\misoul-api\app\api.py:200]
2025-03-25 09:13:36,868 INFO: Chat request - User: web_test_user | Emotion: 1 | Time: 3.30s [in O:\MISOUL\misoul-api\misoul-api\app\api.py:200]
2025-03-26 10:30:57,285 INFO: MISOUL API starting up [in O:\MISOUL\misoul-api\misoul-api\app\api.py:34]
2025-03-26 10:30:58,960 INFO: MISOUL API starting up [in O:\MISOUL\misoul-api\misoul-api\app\api.py:34]
2025-03-26 10:31:23,152 INFO: Chat request - User: web_test_user | Emotion: 1 | Time: 3.83s [in O:\MISOUL\misoul-api\misoul-api\app\api.py:200]
2025-03-26 10:31:43,596 INFO: Chat request - User: web_test_user | Emotion: 1 | Time: 2.43s [in O:\MISOUL\misoul-api\misoul-api\app\api.py:200]
2025-03-26 10:31:52,552 INFO: Chat request - User: web_test_user | Emotion: 1 | Time: 0.00s [in O:\MISOUL\misoul-api\misoul-api\app\api.py:200]
2025-03-26 10:32:01,604 INFO: Chat request - User: web_test_user | Emotion: 1 | Time: 2.72s [in O:\MISOUL\misoul-api\misoul-api\app\api.py:200]
2025-03-26 10:32:04,365 INFO: Chat request - User: web_test_user | Emotion: 1 | Time: 0.00s [in O:\MISOUL\misoul-api\misoul-api\app\api.py:200]
2025-04-07 22:08:56,917 INFO: MISOUL API starting up [in O:\MISOUL\misoul-api\misoul-api\app\api.py:34]
2025-04-07 22:08:58,402 INFO: MISOUL API starting up [in O:\MISOUL\misoul-api\misoul-api\app\api.py:34]
2025-04-07 22:09:15,365 INFO: Chat request - User: web_test_user | Emotion: 1 | Time: 2.19s [in O:\MISOUL\misoul-api\misoul-api\app\api.py:200]
2025-04-07 22:09:22,378 INFO: Chat request - User: web_test_user | Emotion: 1 | Time: 0.00s [in O:\MISOUL\misoul-api\misoul-api\app\api.py:200]
2025-04-07 22:09:57,600 INFO: Chat request - User: web_test_user | Emotion: 1 | Time: 2.47s [in O:\MISOUL\misoul-api\misoul-api\app\api.py:200]
2025-04-07 22:10:08,584 INFO: Chat request - User: web_test_user | Emotion: 1 | Time: 0.00s [in O:\MISOUL\misoul-api\misoul-api\app\api.py:200]
2025-04-07 22:23:52,064 INFO: MISOUL API starting up [in O:\MISOUL\misoul-api\misoul-api\app\api.py:34]
2025-04-07 22:53:59,170 INFO: MISOUL API starting up [in O:\MISOUL\misoul-api\misoul-api\app\api.py:34]
2025-04-07 22:54:02,888 INFO: MISOUL API starting up [in O:\MISOUL\misoul-api\misoul-api\app\api.py:34]
2025-04-07 22:54:19,778 INFO: MISOUL API starting up [in O:\MISOUL\misoul-api\misoul-api\app\api.py:34]
2025-04-07 22:54:24,523 INFO: MISOUL API starting up [in O:\MISOUL\misoul-api\misoul-api\app\api.py:34]
2025-04-07 23:10:23,837 INFO: MISOUL API starting up [in O:\MISOUL\misoul-api\misoul-api\app\api.py:34]
2025-04-07 23:10:40,594 INFO: MISOUL API starting up [in O:\MISOUL\misoul-api\misoul-api\app\api.py:34]
2025-04-07 23:11:05,852 INFO: MISOUL API starting up [in O:\MISOUL\misoul-api\misoul-api\app\api.py:34]
2025-04-07 23:36:39,793 INFO: MISOUL API starting up [in O:\MISOUL\misoul-api\misoul-api\app\api.py:34]
2025-04-07 23:36:43,395 INFO: MISOUL API starting up [in O:\MISOUL\misoul-api\misoul-api\app\api.py:34]
2025-04-07 23:44:26,148 INFO: MISOUL API starting up [in O:\MISOUL\misoul-api\misoul-api\app\api.py:38]
2025-04-07 23:45:58,893 INFO: MISOUL API starting up [in O:\MISOUL\misoul-api\misoul-api\app\api.py:38]
2025-04-07 23:46:22,077 INFO: MISOUL API starting up [in O:\MISOUL\misoul-api\misoul-api\app\api.py:38]
2025-04-07 23:46:31,689 INFO: MISOUL API starting up [in O:\MISOUL\misoul-api\misoul-api\app\api.py:38]
2025-04-08 20:50:57,455 INFO: MISOUL API starting up [in O:\MISOUL\misoul-api\misoul-api\app\api.py:38]
2025-04-08 20:51:01,071 INFO: MISOUL API starting up [in O:\MISOUL\misoul-api\misoul-api\app\api.py:38]
2025-04-08 21:05:35,888 INFO: MISOUL API starting up [in O:\MISOUL\misoul-api\misoul-api\app\api.py:34]
2025-04-08 21:05:39,158 INFO: MISOUL API starting up [in O:\MISOUL\misoul-api\misoul-api\app\api.py:34]
2025-04-08 21:07:51,312 INFO: MISOUL API starting up [in O:\MISOUL\misoul-api\misoul-api\app\api.py:34]
2025-04-08 21:07:55,003 INFO: MISOUL API starting up [in O:\MISOUL\misoul-api\misoul-api\app\api.py:34]
2025-04-08 21:11:54,645 INFO: MISOUL API starting up [in O:\MISOUL\misoul-api\misoul-api\app\api.py:34]
2025-04-08 21:15:35,595 INFO: MISOUL API starting up [in O:\MISOUL\misoul-api\misoul-api\app\api.py:34]
2025-04-08 21:15:39,091 INFO: MISOUL API starting up [in O:\MISOUL\misoul-api\misoul-api\app\api.py:34]
2025-04-08 21:15:46,314 ERROR: Traceback (most recent call last):
  File "O:\MISOUL\misoul-api\misoul-api\app\api.py", line 55, in get_misoul_instance
    PDF_PROCESSED = PDFProcessor.check_processing_status()
                    ^^^^^^^^^^^^^^^^^^^^^^^^^^^^^^^^^^^^
AttributeError: type object 'PDFProcessor' has no attribute 'check_processing_status'
 [in O:\MISOUL\misoul-api\misoul-api\app\api.py:88]
2025-04-08 21:16:59,550 INFO: MISOUL API starting up [in O:\MISOUL\misoul-api\misoul-api\app\api.py:34]
2025-04-08 21:17:13,414 INFO: MISOUL API starting up [in O:\MISOUL\misoul-api\misoul-api\app\api.py:34]
2025-04-08 21:17:39,464 INFO: MISOUL API starting up [in O:\MISOUL\misoul-api\misoul-api\app\api.py:34]
2025-04-08 21:22:22,288 INFO: MISOUL API starting up [in O:\MISOUL\misoul-api\misoul-api\app\api.py:34]
2025-04-08 21:22:24,573 INFO: MISOUL API starting up [in O:\MISOUL\misoul-api\misoul-api\app\api.py:34]
2025-04-08 21:22:35,306 INFO: Chat request - User: web_test_user | Emotion: 1 | Time: 3.17s [in O:\MISOUL\misoul-api\misoul-api\app\api.py:263]
2025-04-08 21:23:05,935 INFO: Chat request - User: web_test_user | Emotion: 1 | Time: 0.00s [in O:\MISOUL\misoul-api\misoul-api\app\api.py:263]
2025-04-08 21:23:25,709 INFO: Chat request - User: web_test_user | Emotion: 1 | Time: 2.29s [in O:\MISOUL\misoul-api\misoul-api\app\api.py:263]
2025-04-08 21:23:37,727 INFO: Chat request - User: web_test_user | Emotion: 1 | Time: 0.00s [in O:\MISOUL\misoul-api\misoul-api\app\api.py:263]
2025-04-08 21:25:14,312 INFO: Chat request - User: web_test_user | Emotion: 1 | Time: 2.82s [in O:\MISOUL\misoul-api\misoul-api\app\api.py:263]
2025-04-08 21:25:20,016 INFO: Chat request - User: web_test_user | Emotion: 1 | Time: 0.00s [in O:\MISOUL\misoul-api\misoul-api\app\api.py:263]
2025-04-08 21:25:37,625 INFO: Chat request - User: web_test_user | Emotion: 1 | Time: 1.72s [in O:\MISOUL\misoul-api\misoul-api\app\api.py:263]
2025-04-08 21:25:40,310 INFO: Chat request - User: web_test_user | Emotion: 1 | Time: 0.00s [in O:\MISOUL\misoul-api\misoul-api\app\api.py:263]
2025-04-08 21:27:08,434 INFO: Chat request - User: web_test_user | Emotion: 1 | Time: 3.11s [in O:\MISOUL\misoul-api\misoul-api\app\api.py:263]
2025-04-08 21:27:27,555 INFO: Chat request - User: web_test_user | Emotion: 1 | Time: 0.00s [in O:\MISOUL\misoul-api\misoul-api\app\api.py:263]
2025-04-08 21:27:40,260 INFO: Chat request - User: web_test_user | Emotion: 1 | Time: 2.85s [in O:\MISOUL\misoul-api\misoul-api\app\api.py:263]
2025-04-08 21:27:55,713 INFO: Chat request - User: web_test_user | Emotion: 4 | Time: 0.00s [in O:\MISOUL\misoul-api\misoul-api\app\api.py:263]
2025-04-08 21:28:02,540 INFO: Chat request - User: web_test_user | Emotion: 4 | Time: 2.40s [in O:\MISOUL\misoul-api\misoul-api\app\api.py:263]
2025-04-08 21:28:27,568 INFO: Chat request - User: web_test_user | Emotion: 4 | Time: 2.14s [in O:\MISOUL\misoul-api\misoul-api\app\api.py:263]
2025-04-08 21:30:17,641 INFO: MISOUL API starting up [in O:\MISOUL\misoul-api\misoul-api\app\api.py:34]
2025-04-08 21:30:19,829 INFO: MISOUL API starting up [in O:\MISOUL\misoul-api\misoul-api\app\api.py:34]
2025-04-08 21:30:36,821 INFO: Chat request - User: web_test_user | Emotion: 3 | Time: 3.13s [in O:\MISOUL\misoul-api\misoul-api\app\api.py:263]
2025-04-08 21:30:41,212 INFO: Chat request - User: web_test_user | Emotion: 3 | Time: 0.00s [in O:\MISOUL\misoul-api\misoul-api\app\api.py:263]
2025-04-08 21:31:06,282 INFO: Chat request - User: web_test_user | Emotion: 3 | Time: 3.32s [in O:\MISOUL\misoul-api\misoul-api\app\api.py:263]
